Auto commit at Fri Mar 27 09:38:38 UTC 2026
Auto commit at Fri Mar 27 09:40:01 UTC 2026
Auto commit at Fri Mar 27 09:40:49 UTC 2026
Auto commit at Fri Mar 27 09:41:30 UTC 2026
Auto commit at Fri Mar 27 09:42:00 UTC 2026
Auto commit 1 at Fri Mar 27 09:43:26 UTC 2026
Auto commit 2 at Fri Mar 27 09:43:27 UTC 2026
Auto commit 3 at Fri Mar 27 09:43:28 UTC 2026
Auto commit 4 at Fri Mar 27 09:43:29 UTC 2026
Auto commit 5 at Fri Mar 27 09:43:30 UTC 2026
Auto commit 6 at Fri Mar 27 09:43:31 UTC 2026
Auto commit 7 at Fri Mar 27 09:43:32 UTC 2026
Auto commit 8 at Fri Mar 27 09:43:33 UTC 2026
Auto commit 9 at Fri Mar 27 09:43:34 UTC 2026
Auto commit 10 at Fri Mar 27 09:43:35 UTC 2026
Auto commit 1 at Fri Mar 27 09:49:08 UTC 2026
Auto commit 2 at Fri Mar 27 09:49:09 UTC 2026
Auto commit 3 at Fri Mar 27 09:49:10 UTC 2026
Auto commit 4 at Fri Mar 27 09:49:11 UTC 2026
Auto commit 5 at Fri Mar 27 09:49:12 UTC 2026
Auto commit 6 at Fri Mar 27 09:49:13 UTC 2026
Auto commit 7 at Fri Mar 27 09:49:14 UTC 2026
Auto commit 8 at Fri Mar 27 09:49:15 UTC 2026
Auto commit 9 at Fri Mar 27 09:49:16 UTC 2026
Auto commit 10 at Fri Mar 27 09:49:17 UTC 2026
Auto commit 1 at Fri Mar 27 12:59:12 UTC 2026
Auto commit 2 at Fri Mar 27 12:59:12 UTC 2026
Auto commit 3 at Fri Mar 27 12:59:12 UTC 2026
Auto commit 4 at Fri Mar 27 12:59:12 UTC 2026
Auto commit 5 at Fri Mar 27 12:59:12 UTC 2026
Auto commit 6 at Fri Mar 27 12:59:12 UTC 2026
Auto commit 7 at Fri Mar 27 12:59:12 UTC 2026
Auto commit 8 at Fri Mar 27 12:59:12 UTC 2026
Auto commit 9 at Fri Mar 27 12:59:12 UTC 2026
Auto commit 10 at Fri Mar 27 12:59:12 UTC 2026
Auto commit 11 at Fri Mar 27 12:59:12 UTC 2026
Auto commit 12 at Fri Mar 27 12:59:12 UTC 2026
Auto commit 13 at Fri Mar 27 12:59:12 UTC 2026
Auto commit 14 at Fri Mar 27 12:59:12 UTC 2026
Auto commit 15 at Fri Mar 27 12:59:12 UTC 2026
Auto commit 16 at Fri Mar 27 12:59:12 UTC 2026
Auto commit 17 at Fri Mar 27 12:59:12 UTC 2026
Auto commit 18 at Fri Mar 27 12:59:12 UTC 2026
Auto commit 19 at Fri Mar 27 12:59:12 UTC 2026
Auto commit 20 at Fri Mar 27 12:59:12 UTC 2026
Auto commit 21 at Fri Mar 27 12:59:13 UTC 2026
Auto commit 22 at Fri Mar 27 12:59:13 UTC 2026
Auto commit 23 at Fri Mar 27 12:59:13 UTC 2026
Auto commit 24 at Fri Mar 27 12:59:13 UTC 2026
Auto commit 25 at Fri Mar 27 12:59:13 UTC 2026
Auto commit 26 at Fri Mar 27 12:59:13 UTC 2026
Auto commit 27 at Fri Mar 27 12:59:13 UTC 2026
Auto commit 28 at Fri Mar 27 12:59:13 UTC 2026
Auto commit 29 at Fri Mar 27 12:59:13 UTC 2026
Auto commit 30 at Fri Mar 27 12:59:13 UTC 2026
Auto commit 31 at Fri Mar 27 12:59:13 UTC 2026
Auto commit 32 at Fri Mar 27 12:59:13 UTC 2026
Auto commit 33 at Fri Mar 27 12:59:13 UTC 2026
Auto commit 34 at Fri Mar 27 12:59:13 UTC 2026
Auto commit 35 at Fri Mar 27 12:59:13 UTC 2026
Auto commit 36 at Fri Mar 27 12:59:13 UTC 2026
Auto commit 37 at Fri Mar 27 12:59:13 UTC 2026
Auto commit 38 at Fri Mar 27 12:59:13 UTC 2026
Auto commit 39 at Fri Mar 27 12:59:13 UTC 2026
Auto commit 40 at Fri Mar 27 12:59:13 UTC 2026
Auto commit 41 at Fri Mar 27 12:59:13 UTC 2026
Auto commit 42 at Fri Mar 27 12:59:13 UTC 2026
Auto commit 43 at Fri Mar 27 12:59:13 UTC 2026
Auto commit 44 at Fri Mar 27 12:59:13 UTC 2026
Auto commit 45 at Fri Mar 27 12:59:13 UTC 2026
Auto commit 46 at Fri Mar 27 12:59:13 UTC 2026
Auto commit 47 at Fri Mar 27 12:59:13 UTC 2026
Auto commit 48 at Fri Mar 27 12:59:13 UTC 2026
Auto commit 49 at Fri Mar 27 12:59:13 UTC 2026
Auto commit 50 at Fri Mar 27 12:59:13 UTC 2026
Auto commit 1 at Fri Mar 27 18:52:06 UTC 2026
Auto commit 2 at Fri Mar 27 18:52:06 UTC 2026
Auto commit 3 at Fri Mar 27 18:52:06 UTC 2026
Auto commit 4 at Fri Mar 27 18:52:06 UTC 2026
Auto commit 5 at Fri Mar 27 18:52:06 UTC 2026
Auto commit 6 at Fri Mar 27 18:52:06 UTC 2026
Auto commit 7 at Fri Mar 27 18:52:06 UTC 2026
Auto commit 8 at Fri Mar 27 18:52:06 UTC 2026
Auto commit 9 at Fri Mar 27 18:52:06 UTC 2026
Auto commit 10 at Fri Mar 27 18:52:06 UTC 2026
Auto commit 11 at Fri Mar 27 18:52:06 UTC 2026
Auto commit 12 at Fri Mar 27 18:52:06 UTC 2026
Auto commit 13 at Fri Mar 27 18:52:06 UTC 2026
Auto commit 14 at Fri Mar 27 18:52:07 UTC 2026
Auto commit 15 at Fri Mar 27 18:52:07 UTC 2026
Auto commit 16 at Fri Mar 27 18:52:07 UTC 2026
Auto commit 17 at Fri Mar 27 18:52:07 UTC 2026
Auto commit 18 at Fri Mar 27 18:52:07 UTC 2026
Auto commit 19 at Fri Mar 27 18:52:07 UTC 2026
Auto commit 20 at Fri Mar 27 18:52:07 UTC 2026
Auto commit 21 at Fri Mar 27 18:52:07 UTC 2026
Auto commit 22 at Fri Mar 27 18:52:07 UTC 2026
Auto commit 23 at Fri Mar 27 18:52:07 UTC 2026
Auto commit 24 at Fri Mar 27 18:52:07 UTC 2026
Auto commit 25 at Fri Mar 27 18:52:07 UTC 2026
Auto commit 26 at Fri Mar 27 18:52:07 UTC 2026
Auto commit 27 at Fri Mar 27 18:52:07 UTC 2026
Auto commit 28 at Fri Mar 27 18:52:07 UTC 2026
Auto commit 29 at Fri Mar 27 18:52:07 UTC 2026
Auto commit 30 at Fri Mar 27 18:52:07 UTC 2026
Auto commit 31 at Fri Mar 27 18:52:07 UTC 2026
Auto commit 32 at Fri Mar 27 18:52:07 UTC 2026
Auto commit 33 at Fri Mar 27 18:52:07 UTC 2026
Auto commit 34 at Fri Mar 27 18:52:07 UTC 2026
Auto commit 35 at Fri Mar 27 18:52:07 UTC 2026
Auto commit 36 at Fri Mar 27 18:52:07 UTC 2026
Auto commit 37 at Fri Mar 27 18:52:07 UTC 2026
Auto commit 38 at Fri Mar 27 18:52:07 UTC 2026
Auto commit 39 at Fri Mar 27 18:52:07 UTC 2026
Auto commit 40 at Fri Mar 27 18:52:07 UTC 2026
Auto commit 41 at Fri Mar 27 18:52:07 UTC 2026
Auto commit 42 at Fri Mar 27 18:52:07 UTC 2026
Auto commit 43 at Fri Mar 27 18:52:07 UTC 2026
Auto commit 44 at Fri Mar 27 18:52:07 UTC 2026
Auto commit 45 at Fri Mar 27 18:52:07 UTC 2026
Auto commit 46 at Fri Mar 27 18:52:07 UTC 2026
Auto commit 47 at Fri Mar 27 18:52:07 UTC 2026
Auto commit 48 at Fri Mar 27 18:52:07 UTC 2026
Auto commit 49 at Fri Mar 27 18:52:07 UTC 2026
Auto commit 50 at Fri Mar 27 18:52:07 UTC 2026
Auto commit 1 at Sat Mar 28 01:54:52 UTC 2026
Auto commit 2 at Sat Mar 28 01:54:52 UTC 2026
Auto commit 3 at Sat Mar 28 01:54:52 UTC 2026
Auto commit 4 at Sat Mar 28 01:54:52 UTC 2026
Auto commit 5 at Sat Mar 28 01:54:52 UTC 2026
Auto commit 6 at Sat Mar 28 01:54:52 UTC 2026
Auto commit 7 at Sat Mar 28 01:54:52 UTC 2026
Auto commit 8 at Sat Mar 28 01:54:52 UTC 2026
Auto commit 9 at Sat Mar 28 01:54:52 UTC 2026
Auto commit 10 at Sat Mar 28 01:54:52 UTC 2026
Auto commit 11 at Sat Mar 28 01:54:52 UTC 2026
Auto commit 12 at Sat Mar 28 01:54:52 UTC 2026
Auto commit 13 at Sat Mar 28 01:54:52 UTC 2026
Auto commit 14 at Sat Mar 28 01:54:52 UTC 2026
Auto commit 15 at Sat Mar 28 01:54:52 UTC 2026
Auto commit 16 at Sat Mar 28 01:54:52 UTC 2026
Auto commit 17 at Sat Mar 28 01:54:52 UTC 2026
Auto commit 18 at Sat Mar 28 01:54:52 UTC 2026
Auto commit 19 at Sat Mar 28 01:54:52 UTC 2026
Auto commit 20 at Sat Mar 28 01:54:52 UTC 2026
Auto commit 21 at Sat Mar 28 01:54:52 UTC 2026
Auto commit 22 at Sat Mar 28 01:54:52 UTC 2026
Auto commit 23 at Sat Mar 28 01:54:52 UTC 2026
Auto commit 24 at Sat Mar 28 01:54:52 UTC 2026
Auto commit 25 at Sat Mar 28 01:54:52 UTC 2026
Auto commit 26 at Sat Mar 28 01:54:52 UTC 2026
Auto commit 27 at Sat Mar 28 01:54:52 UTC 2026
Auto commit 28 at Sat Mar 28 01:54:52 UTC 2026
Auto commit 29 at Sat Mar 28 01:54:52 UTC 2026
Auto commit 30 at Sat Mar 28 01:54:52 UTC 2026
Auto commit 31 at Sat Mar 28 01:54:52 UTC 2026
Auto commit 32 at Sat Mar 28 01:54:52 UTC 2026
Auto commit 33 at Sat Mar 28 01:54:52 UTC 2026
Auto commit 34 at Sat Mar 28 01:54:52 UTC 2026
Auto commit 35 at Sat Mar 28 01:54:52 UTC 2026
Auto commit 36 at Sat Mar 28 01:54:52 UTC 2026
Auto commit 37 at Sat Mar 28 01:54:52 UTC 2026
Auto commit 38 at Sat Mar 28 01:54:52 UTC 2026
Auto commit 39 at Sat Mar 28 01:54:52 UTC 2026
Auto commit 40 at Sat Mar 28 01:54:52 UTC 2026
Auto commit 41 at Sat Mar 28 01:54:52 UTC 2026
Auto commit 42 at Sat Mar 28 01:54:52 UTC 2026
Auto commit 43 at Sat Mar 28 01:54:52 UTC 2026
Auto commit 44 at Sat Mar 28 01:54:52 UTC 2026
Auto commit 45 at Sat Mar 28 01:54:52 UTC 2026
Auto commit 46 at Sat Mar 28 01:54:52 UTC 2026
Auto commit 47 at Sat Mar 28 01:54:52 UTC 2026
Auto commit 48 at Sat Mar 28 01:54:52 UTC 2026
Auto commit 49 at Sat Mar 28 01:54:52 UTC 2026
Auto commit 50 at Sat Mar 28 01:54:52 UTC 2026
Auto commit 1 at Sat Mar 28 06:55:12 UTC 2026
Auto commit 2 at Sat Mar 28 06:55:12 UTC 2026
Auto commit 3 at Sat Mar 28 06:55:12 UTC 2026
Auto commit 4 at Sat Mar 28 06:55:12 UTC 2026
Auto commit 5 at Sat Mar 28 06:55:12 UTC 2026
Auto commit 6 at Sat Mar 28 06:55:12 UTC 2026
Auto commit 7 at Sat Mar 28 06:55:12 UTC 2026
Auto commit 8 at Sat Mar 28 06:55:12 UTC 2026
Auto commit 9 at Sat Mar 28 06:55:12 UTC 2026
Auto commit 10 at Sat Mar 28 06:55:12 UTC 2026
Auto commit 11 at Sat Mar 28 06:55:12 UTC 2026
Auto commit 12 at Sat Mar 28 06:55:12 UTC 2026
Auto commit 13 at Sat Mar 28 06:55:12 UTC 2026
Auto commit 14 at Sat Mar 28 06:55:12 UTC 2026
Auto commit 15 at Sat Mar 28 06:55:12 UTC 2026
Auto commit 16 at Sat Mar 28 06:55:12 UTC 2026
Auto commit 17 at Sat Mar 28 06:55:12 UTC 2026
Auto commit 18 at Sat Mar 28 06:55:12 UTC 2026
Auto commit 19 at Sat Mar 28 06:55:12 UTC 2026
Auto commit 20 at Sat Mar 28 06:55:12 UTC 2026
Auto commit 21 at Sat Mar 28 06:55:12 UTC 2026
Auto commit 22 at Sat Mar 28 06:55:12 UTC 2026
Auto commit 23 at Sat Mar 28 06:55:12 UTC 2026
Auto commit 24 at Sat Mar 28 06:55:12 UTC 2026
Auto commit 25 at Sat Mar 28 06:55:12 UTC 2026
Auto commit 26 at Sat Mar 28 06:55:12 UTC 2026
Auto commit 27 at Sat Mar 28 06:55:12 UTC 2026
Auto commit 28 at Sat Mar 28 06:55:12 UTC 2026
Auto commit 29 at Sat Mar 28 06:55:12 UTC 2026
Auto commit 30 at Sat Mar 28 06:55:12 UTC 2026
Auto commit 31 at Sat Mar 28 06:55:12 UTC 2026
Auto commit 32 at Sat Mar 28 06:55:12 UTC 2026
Auto commit 33 at Sat Mar 28 06:55:12 UTC 2026
Auto commit 34 at Sat Mar 28 06:55:12 UTC 2026
Auto commit 35 at Sat Mar 28 06:55:12 UTC 2026
Auto commit 36 at Sat Mar 28 06:55:12 UTC 2026
Auto commit 37 at Sat Mar 28 06:55:12 UTC 2026
Auto commit 38 at Sat Mar 28 06:55:12 UTC 2026
Auto commit 39 at Sat Mar 28 06:55:13 UTC 2026
Auto commit 40 at Sat Mar 28 06:55:13 UTC 2026
Auto commit 41 at Sat Mar 28 06:55:13 UTC 2026
Auto commit 42 at Sat Mar 28 06:55:13 UTC 2026
Auto commit 43 at Sat Mar 28 06:55:13 UTC 2026
Auto commit 44 at Sat Mar 28 06:55:13 UTC 2026
Auto commit 45 at Sat Mar 28 06:55:13 UTC 2026
Auto commit 46 at Sat Mar 28 06:55:13 UTC 2026
Auto commit 47 at Sat Mar 28 06:55:13 UTC 2026
Auto commit 48 at Sat Mar 28 06:55:13 UTC 2026
Auto commit 49 at Sat Mar 28 06:55:13 UTC 2026
Auto commit 50 at Sat Mar 28 06:55:13 UTC 2026
Auto commit 1 at Sat Mar 28 12:48:20 UTC 2026
Auto commit 2 at Sat Mar 28 12:48:20 UTC 2026
Auto commit 3 at Sat Mar 28 12:48:20 UTC 2026
Auto commit 4 at Sat Mar 28 12:48:20 UTC 2026
Auto commit 5 at Sat Mar 28 12:48:20 UTC 2026
Auto commit 6 at Sat Mar 28 12:48:20 UTC 2026
Auto commit 7 at Sat Mar 28 12:48:20 UTC 2026
Auto commit 8 at Sat Mar 28 12:48:20 UTC 2026
Auto commit 9 at Sat Mar 28 12:48:20 UTC 2026
Auto commit 10 at Sat Mar 28 12:48:20 UTC 2026
Auto commit 11 at Sat Mar 28 12:48:20 UTC 2026
Auto commit 12 at Sat Mar 28 12:48:20 UTC 2026
Auto commit 13 at Sat Mar 28 12:48:20 UTC 2026
Auto commit 14 at Sat Mar 28 12:48:20 UTC 2026
Auto commit 15 at Sat Mar 28 12:48:20 UTC 2026
Auto commit 16 at Sat Mar 28 12:48:20 UTC 2026
Auto commit 17 at Sat Mar 28 12:48:20 UTC 2026
Auto commit 18 at Sat Mar 28 12:48:20 UTC 2026
Auto commit 19 at Sat Mar 28 12:48:20 UTC 2026
Auto commit 20 at Sat Mar 28 12:48:20 UTC 2026
Auto commit 21 at Sat Mar 28 12:48:20 UTC 2026
Auto commit 22 at Sat Mar 28 12:48:20 UTC 2026
Auto commit 23 at Sat Mar 28 12:48:20 UTC 2026
Auto commit 24 at Sat Mar 28 12:48:20 UTC 2026
Auto commit 25 at Sat Mar 28 12:48:20 UTC 2026
Auto commit 26 at Sat Mar 28 12:48:20 UTC 2026
Auto commit 27 at Sat Mar 28 12:48:20 UTC 2026
Auto commit 28 at Sat Mar 28 12:48:20 UTC 2026
Auto commit 29 at Sat Mar 28 12:48:20 UTC 2026
Auto commit 30 at Sat Mar 28 12:48:20 UTC 2026
Auto commit 31 at Sat Mar 28 12:48:20 UTC 2026
Auto commit 32 at Sat Mar 28 12:48:20 UTC 2026
Auto commit 33 at Sat Mar 28 12:48:20 UTC 2026
Auto commit 34 at Sat Mar 28 12:48:20 UTC 2026
Auto commit 35 at Sat Mar 28 12:48:20 UTC 2026
Auto commit 36 at Sat Mar 28 12:48:20 UTC 2026
Auto commit 37 at Sat Mar 28 12:48:20 UTC 2026
Auto commit 38 at Sat Mar 28 12:48:20 UTC 2026
Auto commit 39 at Sat Mar 28 12:48:20 UTC 2026
Auto commit 40 at Sat Mar 28 12:48:20 UTC 2026
Auto commit 41 at Sat Mar 28 12:48:20 UTC 2026
Auto commit 42 at Sat Mar 28 12:48:20 UTC 2026
Auto commit 43 at Sat Mar 28 12:48:20 UTC 2026
Auto commit 44 at Sat Mar 28 12:48:20 UTC 2026
Auto commit 45 at Sat Mar 28 12:48:20 UTC 2026
Auto commit 46 at Sat Mar 28 12:48:20 UTC 2026
Auto commit 47 at Sat Mar 28 12:48:20 UTC 2026
Auto commit 48 at Sat Mar 28 12:48:20 UTC 2026
Auto commit 49 at Sat Mar 28 12:48:20 UTC 2026
Auto commit 50 at Sat Mar 28 12:48:20 UTC 2026
Auto commit 1 at Sat Mar 28 18:36:09 UTC 2026
Auto commit 2 at Sat Mar 28 18:36:09 UTC 2026
Auto commit 3 at Sat Mar 28 18:36:09 UTC 2026
Auto commit 4 at Sat Mar 28 18:36:09 UTC 2026
Auto commit 5 at Sat Mar 28 18:36:09 UTC 2026
Auto commit 6 at Sat Mar 28 18:36:09 UTC 2026
Auto commit 7 at Sat Mar 28 18:36:09 UTC 2026
Auto commit 8 at Sat Mar 28 18:36:09 UTC 2026
Auto commit 9 at Sat Mar 28 18:36:09 UTC 2026
Auto commit 10 at Sat Mar 28 18:36:09 UTC 2026
Auto commit 11 at Sat Mar 28 18:36:09 UTC 2026
Auto commit 12 at Sat Mar 28 18:36:09 UTC 2026
Auto commit 13 at Sat Mar 28 18:36:09 UTC 2026
Auto commit 14 at Sat Mar 28 18:36:09 UTC 2026
Auto commit 15 at Sat Mar 28 18:36:09 UTC 2026
Auto commit 16 at Sat Mar 28 18:36:09 UTC 2026
Auto commit 17 at Sat Mar 28 18:36:09 UTC 2026
Auto commit 18 at Sat Mar 28 18:36:09 UTC 2026
Auto commit 19 at Sat Mar 28 18:36:09 UTC 2026
Auto commit 20 at Sat Mar 28 18:36:09 UTC 2026
Auto commit 21 at Sat Mar 28 18:36:09 UTC 2026
Auto commit 22 at Sat Mar 28 18:36:09 UTC 2026
Auto commit 23 at Sat Mar 28 18:36:09 UTC 2026
Auto commit 24 at Sat Mar 28 18:36:09 UTC 2026
Auto commit 25 at Sat Mar 28 18:36:09 UTC 2026
Auto commit 26 at Sat Mar 28 18:36:09 UTC 2026
Auto commit 27 at Sat Mar 28 18:36:09 UTC 2026
Auto commit 28 at Sat Mar 28 18:36:09 UTC 2026
Auto commit 29 at Sat Mar 28 18:36:09 UTC 2026
Auto commit 30 at Sat Mar 28 18:36:09 UTC 2026
Auto commit 31 at Sat Mar 28 18:36:09 UTC 2026
Auto commit 32 at Sat Mar 28 18:36:09 UTC 2026
Auto commit 33 at Sat Mar 28 18:36:09 UTC 2026
Auto commit 34 at Sat Mar 28 18:36:09 UTC 2026
Auto commit 35 at Sat Mar 28 18:36:09 UTC 2026
Auto commit 36 at Sat Mar 28 18:36:09 UTC 2026
Auto commit 37 at Sat Mar 28 18:36:09 UTC 2026
Auto commit 38 at Sat Mar 28 18:36:09 UTC 2026
Auto commit 39 at Sat Mar 28 18:36:09 UTC 2026
Auto commit 40 at Sat Mar 28 18:36:09 UTC 2026
Auto commit 41 at Sat Mar 28 18:36:09 UTC 2026
Auto commit 42 at Sat Mar 28 18:36:09 UTC 2026
Auto commit 43 at Sat Mar 28 18:36:09 UTC 2026
Auto commit 44 at Sat Mar 28 18:36:09 UTC 2026
Auto commit 45 at Sat Mar 28 18:36:09 UTC 2026
Auto commit 46 at Sat Mar 28 18:36:09 UTC 2026
Auto commit 47 at Sat Mar 28 18:36:09 UTC 2026
Auto commit 48 at Sat Mar 28 18:36:09 UTC 2026
Auto commit 49 at Sat Mar 28 18:36:09 UTC 2026
Auto commit 50 at Sat Mar 28 18:36:09 UTC 2026
Auto commit 1 at Sun Mar 29 02:06:02 UTC 2026
Auto commit 2 at Sun Mar 29 02:06:02 UTC 2026
Auto commit 3 at Sun Mar 29 02:06:02 UTC 2026
Auto commit 4 at Sun Mar 29 02:06:02 UTC 2026
Auto commit 5 at Sun Mar 29 02:06:02 UTC 2026
Auto commit 6 at Sun Mar 29 02:06:02 UTC 2026
Auto commit 7 at Sun Mar 29 02:06:02 UTC 2026
Auto commit 8 at Sun Mar 29 02:06:02 UTC 2026
Auto commit 9 at Sun Mar 29 02:06:02 UTC 2026
Auto commit 10 at Sun Mar 29 02:06:02 UTC 2026
Auto commit 11 at Sun Mar 29 02:06:02 UTC 2026
Auto commit 12 at Sun Mar 29 02:06:02 UTC 2026
Auto commit 13 at Sun Mar 29 02:06:02 UTC 2026
Auto commit 14 at Sun Mar 29 02:06:02 UTC 2026
Auto commit 15 at Sun Mar 29 02:06:02 UTC 2026
Auto commit 16 at Sun Mar 29 02:06:02 UTC 2026
Auto commit 17 at Sun Mar 29 02:06:02 UTC 2026
Auto commit 18 at Sun Mar 29 02:06:02 UTC 2026
Auto commit 19 at Sun Mar 29 02:06:02 UTC 2026
Auto commit 20 at Sun Mar 29 02:06:02 UTC 2026
Auto commit 21 at Sun Mar 29 02:06:02 UTC 2026
Auto commit 22 at Sun Mar 29 02:06:02 UTC 2026
Auto commit 23 at Sun Mar 29 02:06:02 UTC 2026
Auto commit 24 at Sun Mar 29 02:06:02 UTC 2026
Auto commit 25 at Sun Mar 29 02:06:02 UTC 2026
Auto commit 26 at Sun Mar 29 02:06:02 UTC 2026
Auto commit 27 at Sun Mar 29 02:06:02 UTC 2026
Auto commit 28 at Sun Mar 29 02:06:02 UTC 2026
Auto commit 29 at Sun Mar 29 02:06:02 UTC 2026
Auto commit 30 at Sun Mar 29 02:06:02 UTC 2026
Auto commit 31 at Sun Mar 29 02:06:02 UTC 2026
Auto commit 32 at Sun Mar 29 02:06:02 UTC 2026
Auto commit 33 at Sun Mar 29 02:06:02 UTC 2026
Auto commit 34 at Sun Mar 29 02:06:02 UTC 2026
Auto commit 35 at Sun Mar 29 02:06:02 UTC 2026
Auto commit 36 at Sun Mar 29 02:06:02 UTC 2026
Auto commit 37 at Sun Mar 29 02:06:02 UTC 2026
Auto commit 38 at Sun Mar 29 02:06:02 UTC 2026
Auto commit 39 at Sun Mar 29 02:06:02 UTC 2026
Auto commit 40 at Sun Mar 29 02:06:02 UTC 2026
Auto commit 41 at Sun Mar 29 02:06:02 UTC 2026
Auto commit 42 at Sun Mar 29 02:06:02 UTC 2026
Auto commit 43 at Sun Mar 29 02:06:02 UTC 2026
Auto commit 44 at Sun Mar 29 02:06:02 UTC 2026
Auto commit 45 at Sun Mar 29 02:06:02 UTC 2026
Auto commit 46 at Sun Mar 29 02:06:02 UTC 2026
Auto commit 47 at Sun Mar 29 02:06:02 UTC 2026
Auto commit 48 at Sun Mar 29 02:06:02 UTC 2026
Auto commit 49 at Sun Mar 29 02:06:02 UTC 2026
Auto commit 50 at Sun Mar 29 02:06:02 UTC 2026
Auto commit 1 at Sun Mar 29 06:59:37 UTC 2026
Auto commit 2 at Sun Mar 29 06:59:37 UTC 2026
Auto commit 3 at Sun Mar 29 06:59:37 UTC 2026
Auto commit 4 at Sun Mar 29 06:59:37 UTC 2026
Auto commit 5 at Sun Mar 29 06:59:37 UTC 2026
Auto commit 6 at Sun Mar 29 06:59:37 UTC 2026
Auto commit 7 at Sun Mar 29 06:59:37 UTC 2026
Auto commit 8 at Sun Mar 29 06:59:37 UTC 2026
Auto commit 9 at Sun Mar 29 06:59:37 UTC 2026
Auto commit 10 at Sun Mar 29 06:59:37 UTC 2026
Auto commit 11 at Sun Mar 29 06:59:37 UTC 2026
Auto commit 12 at Sun Mar 29 06:59:37 UTC 2026
Auto commit 13 at Sun Mar 29 06:59:37 UTC 2026
Auto commit 14 at Sun Mar 29 06:59:37 UTC 2026
Auto commit 15 at Sun Mar 29 06:59:37 UTC 2026
Auto commit 16 at Sun Mar 29 06:59:37 UTC 2026
Auto commit 17 at Sun Mar 29 06:59:37 UTC 2026
Auto commit 18 at Sun Mar 29 06:59:37 UTC 2026
Auto commit 19 at Sun Mar 29 06:59:37 UTC 2026
Auto commit 20 at Sun Mar 29 06:59:37 UTC 2026
Auto commit 21 at Sun Mar 29 06:59:37 UTC 2026
Auto commit 22 at Sun Mar 29 06:59:37 UTC 2026
Auto commit 23 at Sun Mar 29 06:59:37 UTC 2026
Auto commit 24 at Sun Mar 29 06:59:37 UTC 2026
Auto commit 25 at Sun Mar 29 06:59:37 UTC 2026
Auto commit 26 at Sun Mar 29 06:59:37 UTC 2026
Auto commit 27 at Sun Mar 29 06:59:37 UTC 2026
Auto commit 28 at Sun Mar 29 06:59:37 UTC 2026
Auto commit 29 at Sun Mar 29 06:59:37 UTC 2026
Auto commit 30 at Sun Mar 29 06:59:38 UTC 2026
Auto commit 31 at Sun Mar 29 06:59:38 UTC 2026
Auto commit 32 at Sun Mar 29 06:59:38 UTC 2026
Auto commit 33 at Sun Mar 29 06:59:38 UTC 2026
Auto commit 34 at Sun Mar 29 06:59:38 UTC 2026
Auto commit 35 at Sun Mar 29 06:59:38 UTC 2026
Auto commit 36 at Sun Mar 29 06:59:38 UTC 2026
Auto commit 37 at Sun Mar 29 06:59:38 UTC 2026
Auto commit 38 at Sun Mar 29 06:59:38 UTC 2026
Auto commit 39 at Sun Mar 29 06:59:38 UTC 2026
Auto commit 40 at Sun Mar 29 06:59:38 UTC 2026
Auto commit 41 at Sun Mar 29 06:59:38 UTC 2026
Auto commit 42 at Sun Mar 29 06:59:38 UTC 2026
Auto commit 43 at Sun Mar 29 06:59:38 UTC 2026
Auto commit 44 at Sun Mar 29 06:59:38 UTC 2026
Auto commit 45 at Sun Mar 29 06:59:38 UTC 2026
Auto commit 46 at Sun Mar 29 06:59:38 UTC 2026
Auto commit 47 at Sun Mar 29 06:59:38 UTC 2026
Auto commit 48 at Sun Mar 29 06:59:38 UTC 2026
Auto commit 49 at Sun Mar 29 06:59:38 UTC 2026
Auto commit 50 at Sun Mar 29 06:59:38 UTC 2026
Auto commit 1 at Sun Mar 29 12:49:01 UTC 2026
Auto commit 2 at Sun Mar 29 12:49:01 UTC 2026
Auto commit 3 at Sun Mar 29 12:49:01 UTC 2026
Auto commit 4 at Sun Mar 29 12:49:01 UTC 2026
Auto commit 5 at Sun Mar 29 12:49:01 UTC 2026
Auto commit 6 at Sun Mar 29 12:49:01 UTC 2026
Auto commit 7 at Sun Mar 29 12:49:01 UTC 2026
Auto commit 8 at Sun Mar 29 12:49:01 UTC 2026
Auto commit 9 at Sun Mar 29 12:49:01 UTC 2026
Auto commit 10 at Sun Mar 29 12:49:01 UTC 2026
Auto commit 11 at Sun Mar 29 12:49:01 UTC 2026
Auto commit 12 at Sun Mar 29 12:49:01 UTC 2026
Auto commit 13 at Sun Mar 29 12:49:01 UTC 2026
Auto commit 14 at Sun Mar 29 12:49:02 UTC 2026
Auto commit 15 at Sun Mar 29 12:49:02 UTC 2026
Auto commit 16 at Sun Mar 29 12:49:02 UTC 2026
Auto commit 17 at Sun Mar 29 12:49:02 UTC 2026
Auto commit 18 at Sun Mar 29 12:49:02 UTC 2026
Auto commit 19 at Sun Mar 29 12:49:02 UTC 2026
Auto commit 20 at Sun Mar 29 12:49:02 UTC 2026
Auto commit 21 at Sun Mar 29 12:49:02 UTC 2026
Auto commit 22 at Sun Mar 29 12:49:02 UTC 2026
Auto commit 23 at Sun Mar 29 12:49:02 UTC 2026
Auto commit 24 at Sun Mar 29 12:49:02 UTC 2026
Auto commit 25 at Sun Mar 29 12:49:02 UTC 2026
Auto commit 26 at Sun Mar 29 12:49:02 UTC 2026
Auto commit 27 at Sun Mar 29 12:49:02 UTC 2026
Auto commit 28 at Sun Mar 29 12:49:02 UTC 2026
Auto commit 29 at Sun Mar 29 12:49:02 UTC 2026
Auto commit 30 at Sun Mar 29 12:49:02 UTC 2026
Auto commit 31 at Sun Mar 29 12:49:02 UTC 2026
Auto commit 32 at Sun Mar 29 12:49:02 UTC 2026
Auto commit 33 at Sun Mar 29 12:49:02 UTC 2026
Auto commit 34 at Sun Mar 29 12:49:02 UTC 2026
Auto commit 35 at Sun Mar 29 12:49:02 UTC 2026
Auto commit 36 at Sun Mar 29 12:49:02 UTC 2026
Auto commit 37 at Sun Mar 29 12:49:02 UTC 2026
Auto commit 38 at Sun Mar 29 12:49:02 UTC 2026
Auto commit 39 at Sun Mar 29 12:49:02 UTC 2026
Auto commit 40 at Sun Mar 29 12:49:02 UTC 2026
Auto commit 41 at Sun Mar 29 12:49:02 UTC 2026
Auto commit 42 at Sun Mar 29 12:49:02 UTC 2026
Auto commit 43 at Sun Mar 29 12:49:02 UTC 2026
Auto commit 44 at Sun Mar 29 12:49:02 UTC 2026
Auto commit 45 at Sun Mar 29 12:49:02 UTC 2026
Auto commit 46 at Sun Mar 29 12:49:02 UTC 2026
Auto commit 47 at Sun Mar 29 12:49:02 UTC 2026
Auto commit 48 at Sun Mar 29 12:49:02 UTC 2026
Auto commit 49 at Sun Mar 29 12:49:02 UTC 2026
Auto commit 50 at Sun Mar 29 12:49:02 UTC 2026
Auto commit 1 at Sun Mar 29 18:37:38 UTC 2026
Auto commit 2 at Sun Mar 29 18:37:38 UTC 2026
Auto commit 3 at Sun Mar 29 18:37:38 UTC 2026
Auto commit 4 at Sun Mar 29 18:37:38 UTC 2026
Auto commit 5 at Sun Mar 29 18:37:38 UTC 2026
Auto commit 6 at Sun Mar 29 18:37:38 UTC 2026
Auto commit 7 at Sun Mar 29 18:37:38 UTC 2026
Auto commit 8 at Sun Mar 29 18:37:38 UTC 2026
Auto commit 9 at Sun Mar 29 18:37:38 UTC 2026
Auto commit 10 at Sun Mar 29 18:37:38 UTC 2026
Auto commit 11 at Sun Mar 29 18:37:38 UTC 2026
Auto commit 12 at Sun Mar 29 18:37:38 UTC 2026
Auto commit 13 at Sun Mar 29 18:37:38 UTC 2026
Auto commit 14 at Sun Mar 29 18:37:38 UTC 2026
Auto commit 15 at Sun Mar 29 18:37:38 UTC 2026
Auto commit 16 at Sun Mar 29 18:37:38 UTC 2026
Auto commit 17 at Sun Mar 29 18:37:38 UTC 2026
Auto commit 18 at Sun Mar 29 18:37:38 UTC 2026
Auto commit 19 at Sun Mar 29 18:37:38 UTC 2026
Auto commit 20 at Sun Mar 29 18:37:38 UTC 2026
Auto commit 21 at Sun Mar 29 18:37:38 UTC 2026
Auto commit 22 at Sun Mar 29 18:37:38 UTC 2026
Auto commit 23 at Sun Mar 29 18:37:38 UTC 2026
Auto commit 24 at Sun Mar 29 18:37:38 UTC 2026
Auto commit 25 at Sun Mar 29 18:37:38 UTC 2026
Auto commit 26 at Sun Mar 29 18:37:38 UTC 2026
Auto commit 27 at Sun Mar 29 18:37:38 UTC 2026
Auto commit 28 at Sun Mar 29 18:37:38 UTC 2026
Auto commit 29 at Sun Mar 29 18:37:38 UTC 2026
Auto commit 30 at Sun Mar 29 18:37:38 UTC 2026
Auto commit 31 at Sun Mar 29 18:37:38 UTC 2026
Auto commit 32 at Sun Mar 29 18:37:38 UTC 2026
Auto commit 33 at Sun Mar 29 18:37:38 UTC 2026
Auto commit 34 at Sun Mar 29 18:37:38 UTC 2026
Auto commit 35 at Sun Mar 29 18:37:38 UTC 2026
Auto commit 36 at Sun Mar 29 18:37:38 UTC 2026
Auto commit 37 at Sun Mar 29 18:37:38 UTC 2026
Auto commit 38 at Sun Mar 29 18:37:38 UTC 2026
Auto commit 39 at Sun Mar 29 18:37:38 UTC 2026
Auto commit 40 at Sun Mar 29 18:37:38 UTC 2026
Auto commit 41 at Sun Mar 29 18:37:38 UTC 2026
Auto commit 42 at Sun Mar 29 18:37:38 UTC 2026
Auto commit 43 at Sun Mar 29 18:37:38 UTC 2026
Auto commit 44 at Sun Mar 29 18:37:38 UTC 2026
Auto commit 45 at Sun Mar 29 18:37:38 UTC 2026
Auto commit 46 at Sun Mar 29 18:37:38 UTC 2026
Auto commit 47 at Sun Mar 29 18:37:38 UTC 2026
Auto commit 48 at Sun Mar 29 18:37:38 UTC 2026
Auto commit 49 at Sun Mar 29 18:37:38 UTC 2026
Auto commit 50 at Sun Mar 29 18:37:38 UTC 2026
Auto commit 1 at Mon Mar 30 02:08:24 UTC 2026
Auto commit 2 at Mon Mar 30 02:08:24 UTC 2026
Auto commit 3 at Mon Mar 30 02:08:24 UTC 2026
Auto commit 4 at Mon Mar 30 02:08:24 UTC 2026
Auto commit 5 at Mon Mar 30 02:08:24 UTC 2026
Auto commit 6 at Mon Mar 30 02:08:24 UTC 2026
Auto commit 7 at Mon Mar 30 02:08:24 UTC 2026
Auto commit 8 at Mon Mar 30 02:08:24 UTC 2026
Auto commit 9 at Mon Mar 30 02:08:24 UTC 2026
Auto commit 10 at Mon Mar 30 02:08:24 UTC 2026
Auto commit 11 at Mon Mar 30 02:08:24 UTC 2026
Auto commit 12 at Mon Mar 30 02:08:24 UTC 2026
Auto commit 13 at Mon Mar 30 02:08:24 UTC 2026
Auto commit 14 at Mon Mar 30 02:08:24 UTC 2026
Auto commit 15 at Mon Mar 30 02:08:24 UTC 2026
Auto commit 16 at Mon Mar 30 02:08:24 UTC 2026
Auto commit 17 at Mon Mar 30 02:08:24 UTC 2026
Auto commit 18 at Mon Mar 30 02:08:24 UTC 2026
Auto commit 19 at Mon Mar 30 02:08:24 UTC 2026
Auto commit 20 at Mon Mar 30 02:08:24 UTC 2026
Auto commit 21 at Mon Mar 30 02:08:25 UTC 2026
Auto commit 22 at Mon Mar 30 02:08:25 UTC 2026
Auto commit 23 at Mon Mar 30 02:08:25 UTC 2026
Auto commit 24 at Mon Mar 30 02:08:25 UTC 2026
Auto commit 25 at Mon Mar 30 02:08:25 UTC 2026
Auto commit 26 at Mon Mar 30 02:08:25 UTC 2026
Auto commit 27 at Mon Mar 30 02:08:25 UTC 2026
Auto commit 28 at Mon Mar 30 02:08:25 UTC 2026
Auto commit 29 at Mon Mar 30 02:08:25 UTC 2026
Auto commit 30 at Mon Mar 30 02:08:25 UTC 2026
Auto commit 31 at Mon Mar 30 02:08:25 UTC 2026
Auto commit 32 at Mon Mar 30 02:08:25 UTC 2026
Auto commit 33 at Mon Mar 30 02:08:25 UTC 2026
Auto commit 34 at Mon Mar 30 02:08:25 UTC 2026
Auto commit 35 at Mon Mar 30 02:08:25 UTC 2026
Auto commit 36 at Mon Mar 30 02:08:25 UTC 2026
Auto commit 37 at Mon Mar 30 02:08:25 UTC 2026
Auto commit 38 at Mon Mar 30 02:08:25 UTC 2026
Auto commit 39 at Mon Mar 30 02:08:25 UTC 2026
Auto commit 40 at Mon Mar 30 02:08:25 UTC 2026
Auto commit 41 at Mon Mar 30 02:08:25 UTC 2026
Auto commit 42 at Mon Mar 30 02:08:25 UTC 2026
Auto commit 43 at Mon Mar 30 02:08:25 UTC 2026
Auto commit 44 at Mon Mar 30 02:08:25 UTC 2026
Auto commit 45 at Mon Mar 30 02:08:25 UTC 2026
Auto commit 46 at Mon Mar 30 02:08:25 UTC 2026
Auto commit 47 at Mon Mar 30 02:08:25 UTC 2026
Auto commit 48 at Mon Mar 30 02:08:25 UTC 2026
Auto commit 49 at Mon Mar 30 02:08:25 UTC 2026
Auto commit 50 at Mon Mar 30 02:08:25 UTC 2026
Auto commit 1 at Mon Mar 30 07:23:00 UTC 2026
Auto commit 2 at Mon Mar 30 07:23:00 UTC 2026
Auto commit 3 at Mon Mar 30 07:23:00 UTC 2026
Auto commit 4 at Mon Mar 30 07:23:00 UTC 2026
Auto commit 5 at Mon Mar 30 07:23:00 UTC 2026
Auto commit 6 at Mon Mar 30 07:23:00 UTC 2026
Auto commit 7 at Mon Mar 30 07:23:00 UTC 2026
Auto commit 8 at Mon Mar 30 07:23:00 UTC 2026
Auto commit 9 at Mon Mar 30 07:23:00 UTC 2026
Auto commit 10 at Mon Mar 30 07:23:00 UTC 2026
Auto commit 11 at Mon Mar 30 07:23:00 UTC 2026
Auto commit 12 at Mon Mar 30 07:23:00 UTC 2026
Auto commit 13 at Mon Mar 30 07:23:00 UTC 2026
Auto commit 14 at Mon Mar 30 07:23:00 UTC 2026
Auto commit 15 at Mon Mar 30 07:23:00 UTC 2026
Auto commit 16 at Mon Mar 30 07:23:00 UTC 2026
Auto commit 17 at Mon Mar 30 07:23:00 UTC 2026
Auto commit 18 at Mon Mar 30 07:23:00 UTC 2026
Auto commit 19 at Mon Mar 30 07:23:00 UTC 2026
Auto commit 20 at Mon Mar 30 07:23:00 UTC 2026
Auto commit 21 at Mon Mar 30 07:23:00 UTC 2026
Auto commit 22 at Mon Mar 30 07:23:00 UTC 2026
Auto commit 23 at Mon Mar 30 07:23:00 UTC 2026
Auto commit 24 at Mon Mar 30 07:23:00 UTC 2026
Auto commit 25 at Mon Mar 30 07:23:00 UTC 2026
Auto commit 26 at Mon Mar 30 07:23:00 UTC 2026
Auto commit 27 at Mon Mar 30 07:23:00 UTC 2026
Auto commit 28 at Mon Mar 30 07:23:00 UTC 2026
Auto commit 29 at Mon Mar 30 07:23:00 UTC 2026
Auto commit 30 at Mon Mar 30 07:23:00 UTC 2026
Auto commit 31 at Mon Mar 30 07:23:00 UTC 2026
Auto commit 32 at Mon Mar 30 07:23:00 UTC 2026
Auto commit 33 at Mon Mar 30 07:23:00 UTC 2026
Auto commit 34 at Mon Mar 30 07:23:00 UTC 2026
Auto commit 35 at Mon Mar 30 07:23:00 UTC 2026
Auto commit 36 at Mon Mar 30 07:23:00 UTC 2026
Auto commit 37 at Mon Mar 30 07:23:00 UTC 2026
Auto commit 38 at Mon Mar 30 07:23:00 UTC 2026
Auto commit 39 at Mon Mar 30 07:23:00 UTC 2026
Auto commit 40 at Mon Mar 30 07:23:00 UTC 2026
Auto commit 41 at Mon Mar 30 07:23:00 UTC 2026
Auto commit 42 at Mon Mar 30 07:23:00 UTC 2026
Auto commit 43 at Mon Mar 30 07:23:00 UTC 2026
Auto commit 44 at Mon Mar 30 07:23:00 UTC 2026
Auto commit 45 at Mon Mar 30 07:23:00 UTC 2026
Auto commit 46 at Mon Mar 30 07:23:00 UTC 2026
Auto commit 47 at Mon Mar 30 07:23:00 UTC 2026
Auto commit 48 at Mon Mar 30 07:23:00 UTC 2026
Auto commit 49 at Mon Mar 30 07:23:00 UTC 2026
Auto commit 50 at Mon Mar 30 07:23:00 UTC 2026
Auto commit 1 at Mon Mar 30 13:12:42 UTC 2026
Auto commit 2 at Mon Mar 30 13:12:42 UTC 2026
Auto commit 3 at Mon Mar 30 13:12:42 UTC 2026
Auto commit 4 at Mon Mar 30 13:12:42 UTC 2026
Auto commit 5 at Mon Mar 30 13:12:42 UTC 2026
Auto commit 6 at Mon Mar 30 13:12:42 UTC 2026
Auto commit 7 at Mon Mar 30 13:12:42 UTC 2026
Auto commit 8 at Mon Mar 30 13:12:42 UTC 2026
Auto commit 9 at Mon Mar 30 13:12:42 UTC 2026
Auto commit 10 at Mon Mar 30 13:12:42 UTC 2026
Auto commit 11 at Mon Mar 30 13:12:42 UTC 2026
Auto commit 12 at Mon Mar 30 13:12:42 UTC 2026
Auto commit 13 at Mon Mar 30 13:12:42 UTC 2026
Auto commit 14 at Mon Mar 30 13:12:42 UTC 2026
Auto commit 15 at Mon Mar 30 13:12:42 UTC 2026
Auto commit 16 at Mon Mar 30 13:12:42 UTC 2026
Auto commit 17 at Mon Mar 30 13:12:42 UTC 2026
Auto commit 18 at Mon Mar 30 13:12:42 UTC 2026
Auto commit 19 at Mon Mar 30 13:12:42 UTC 2026
Auto commit 20 at Mon Mar 30 13:12:42 UTC 2026
Auto commit 21 at Mon Mar 30 13:12:42 UTC 2026
Auto commit 22 at Mon Mar 30 13:12:42 UTC 2026
Auto commit 23 at Mon Mar 30 13:12:42 UTC 2026
Auto commit 24 at Mon Mar 30 13:12:42 UTC 2026
Auto commit 25 at Mon Mar 30 13:12:42 UTC 2026
Auto commit 26 at Mon Mar 30 13:12:42 UTC 2026
Auto commit 27 at Mon Mar 30 13:12:42 UTC 2026
Auto commit 28 at Mon Mar 30 13:12:42 UTC 2026
Auto commit 29 at Mon Mar 30 13:12:42 UTC 2026
Auto commit 30 at Mon Mar 30 13:12:42 UTC 2026
Auto commit 31 at Mon Mar 30 13:12:42 UTC 2026
Auto commit 32 at Mon Mar 30 13:12:42 UTC 2026
Auto commit 33 at Mon Mar 30 13:12:42 UTC 2026
Auto commit 34 at Mon Mar 30 13:12:42 UTC 2026
Auto commit 35 at Mon Mar 30 13:12:42 UTC 2026
Auto commit 36 at Mon Mar 30 13:12:42 UTC 2026
Auto commit 37 at Mon Mar 30 13:12:42 UTC 2026
Auto commit 38 at Mon Mar 30 13:12:42 UTC 2026
Auto commit 39 at Mon Mar 30 13:12:42 UTC 2026
Auto commit 40 at Mon Mar 30 13:12:42 UTC 2026
Auto commit 41 at Mon Mar 30 13:12:42 UTC 2026
Auto commit 42 at Mon Mar 30 13:12:42 UTC 2026
Auto commit 43 at Mon Mar 30 13:12:42 UTC 2026
Auto commit 44 at Mon Mar 30 13:12:42 UTC 2026
Auto commit 45 at Mon Mar 30 13:12:42 UTC 2026
Auto commit 46 at Mon Mar 30 13:12:42 UTC 2026
Auto commit 47 at Mon Mar 30 13:12:42 UTC 2026
Auto commit 48 at Mon Mar 30 13:12:42 UTC 2026
Auto commit 49 at Mon Mar 30 13:12:42 UTC 2026
Auto commit 50 at Mon Mar 30 13:12:42 UTC 2026
Auto commit 1 at Mon Mar 30 18:56:06 UTC 2026
Auto commit 2 at Mon Mar 30 18:56:06 UTC 2026
Auto commit 3 at Mon Mar 30 18:56:06 UTC 2026
Auto commit 4 at Mon Mar 30 18:56:06 UTC 2026
Auto commit 5 at Mon Mar 30 18:56:06 UTC 2026
Auto commit 6 at Mon Mar 30 18:56:06 UTC 2026
Auto commit 7 at Mon Mar 30 18:56:06 UTC 2026
Auto commit 8 at Mon Mar 30 18:56:06 UTC 2026
Auto commit 9 at Mon Mar 30 18:56:06 UTC 2026
Auto commit 10 at Mon Mar 30 18:56:06 UTC 2026
Auto commit 11 at Mon Mar 30 18:56:06 UTC 2026
Auto commit 12 at Mon Mar 30 18:56:06 UTC 2026
Auto commit 13 at Mon Mar 30 18:56:06 UTC 2026
Auto commit 14 at Mon Mar 30 18:56:06 UTC 2026
Auto commit 15 at Mon Mar 30 18:56:06 UTC 2026
Auto commit 16 at Mon Mar 30 18:56:06 UTC 2026
Auto commit 17 at Mon Mar 30 18:56:06 UTC 2026
Auto commit 18 at Mon Mar 30 18:56:06 UTC 2026
Auto commit 19 at Mon Mar 30 18:56:06 UTC 2026
Auto commit 20 at Mon Mar 30 18:56:06 UTC 2026
Auto commit 21 at Mon Mar 30 18:56:06 UTC 2026
Auto commit 22 at Mon Mar 30 18:56:06 UTC 2026
Auto commit 23 at Mon Mar 30 18:56:06 UTC 2026
Auto commit 24 at Mon Mar 30 18:56:06 UTC 2026
Auto commit 25 at Mon Mar 30 18:56:06 UTC 2026
Auto commit 26 at Mon Mar 30 18:56:06 UTC 2026
Auto commit 27 at Mon Mar 30 18:56:06 UTC 2026
Auto commit 28 at Mon Mar 30 18:56:06 UTC 2026
Auto commit 29 at Mon Mar 30 18:56:06 UTC 2026
Auto commit 30 at Mon Mar 30 18:56:06 UTC 2026
Auto commit 31 at Mon Mar 30 18:56:06 UTC 2026
Auto commit 32 at Mon Mar 30 18:56:06 UTC 2026
Auto commit 33 at Mon Mar 30 18:56:06 UTC 2026
Auto commit 34 at Mon Mar 30 18:56:06 UTC 2026
Auto commit 35 at Mon Mar 30 18:56:06 UTC 2026
Auto commit 36 at Mon Mar 30 18:56:06 UTC 2026
Auto commit 37 at Mon Mar 30 18:56:06 UTC 2026
Auto commit 38 at Mon Mar 30 18:56:06 UTC 2026
Auto commit 39 at Mon Mar 30 18:56:06 UTC 2026
Auto commit 40 at Mon Mar 30 18:56:06 UTC 2026
Auto commit 41 at Mon Mar 30 18:56:06 UTC 2026
Auto commit 42 at Mon Mar 30 18:56:06 UTC 2026
Auto commit 43 at Mon Mar 30 18:56:06 UTC 2026
Auto commit 44 at Mon Mar 30 18:56:06 UTC 2026
Auto commit 45 at Mon Mar 30 18:56:06 UTC 2026
Auto commit 46 at Mon Mar 30 18:56:06 UTC 2026
Auto commit 47 at Mon Mar 30 18:56:06 UTC 2026
Auto commit 48 at Mon Mar 30 18:56:06 UTC 2026
Auto commit 49 at Mon Mar 30 18:56:06 UTC 2026
Auto commit 50 at Mon Mar 30 18:56:06 UTC 2026
Auto commit 1 at Tue Mar 31 02:04:30 UTC 2026
Auto commit 2 at Tue Mar 31 02:04:30 UTC 2026
Auto commit 3 at Tue Mar 31 02:04:30 UTC 2026
Auto commit 4 at Tue Mar 31 02:04:30 UTC 2026
Auto commit 5 at Tue Mar 31 02:04:30 UTC 2026
Auto commit 6 at Tue Mar 31 02:04:30 UTC 2026
Auto commit 7 at Tue Mar 31 02:04:30 UTC 2026
Auto commit 8 at Tue Mar 31 02:04:30 UTC 2026
Auto commit 9 at Tue Mar 31 02:04:30 UTC 2026
Auto commit 10 at Tue Mar 31 02:04:30 UTC 2026
Auto commit 11 at Tue Mar 31 02:04:30 UTC 2026
Auto commit 12 at Tue Mar 31 02:04:30 UTC 2026
Auto commit 13 at Tue Mar 31 02:04:30 UTC 2026
Auto commit 14 at Tue Mar 31 02:04:30 UTC 2026
Auto commit 15 at Tue Mar 31 02:04:30 UTC 2026
Auto commit 16 at Tue Mar 31 02:04:30 UTC 2026
Auto commit 17 at Tue Mar 31 02:04:30 UTC 2026
Auto commit 18 at Tue Mar 31 02:04:30 UTC 2026
Auto commit 19 at Tue Mar 31 02:04:30 UTC 2026
Auto commit 20 at Tue Mar 31 02:04:30 UTC 2026
Auto commit 21 at Tue Mar 31 02:04:30 UTC 2026
Auto commit 22 at Tue Mar 31 02:04:30 UTC 2026
Auto commit 23 at Tue Mar 31 02:04:30 UTC 2026
Auto commit 24 at Tue Mar 31 02:04:30 UTC 2026
Auto commit 25 at Tue Mar 31 02:04:30 UTC 2026
Auto commit 26 at Tue Mar 31 02:04:30 UTC 2026
Auto commit 27 at Tue Mar 31 02:04:30 UTC 2026
Auto commit 28 at Tue Mar 31 02:04:30 UTC 2026
Auto commit 29 at Tue Mar 31 02:04:30 UTC 2026
Auto commit 30 at Tue Mar 31 02:04:30 UTC 2026
Auto commit 31 at Tue Mar 31 02:04:30 UTC 2026
Auto commit 32 at Tue Mar 31 02:04:30 UTC 2026
Auto commit 33 at Tue Mar 31 02:04:30 UTC 2026
Auto commit 34 at Tue Mar 31 02:04:30 UTC 2026
Auto commit 35 at Tue Mar 31 02:04:30 UTC 2026
Auto commit 36 at Tue Mar 31 02:04:30 UTC 2026
Auto commit 37 at Tue Mar 31 02:04:30 UTC 2026
Auto commit 38 at Tue Mar 31 02:04:30 UTC 2026
Auto commit 39 at Tue Mar 31 02:04:30 UTC 2026
Auto commit 40 at Tue Mar 31 02:04:30 UTC 2026
Auto commit 41 at Tue Mar 31 02:04:30 UTC 2026
Auto commit 42 at Tue Mar 31 02:04:30 UTC 2026
Auto commit 43 at Tue Mar 31 02:04:30 UTC 2026
Auto commit 44 at Tue Mar 31 02:04:30 UTC 2026
Auto commit 45 at Tue Mar 31 02:04:30 UTC 2026
Auto commit 46 at Tue Mar 31 02:04:30 UTC 2026
Auto commit 47 at Tue Mar 31 02:04:30 UTC 2026
Auto commit 48 at Tue Mar 31 02:04:30 UTC 2026
Auto commit 49 at Tue Mar 31 02:04:31 UTC 2026
Auto commit 50 at Tue Mar 31 02:04:31 UTC 2026
Auto commit 1 at Tue Mar 31 07:08:48 UTC 2026
Auto commit 2 at Tue Mar 31 07:08:48 UTC 2026
Auto commit 3 at Tue Mar 31 07:08:48 UTC 2026
Auto commit 4 at Tue Mar 31 07:08:48 UTC 2026
Auto commit 5 at Tue Mar 31 07:08:48 UTC 2026
Auto commit 6 at Tue Mar 31 07:08:48 UTC 2026
Auto commit 7 at Tue Mar 31 07:08:48 UTC 2026
Auto commit 8 at Tue Mar 31 07:08:48 UTC 2026
Auto commit 9 at Tue Mar 31 07:08:48 UTC 2026
Auto commit 10 at Tue Mar 31 07:08:48 UTC 2026
Auto commit 11 at Tue Mar 31 07:08:48 UTC 2026
Auto commit 12 at Tue Mar 31 07:08:48 UTC 2026
Auto commit 13 at Tue Mar 31 07:08:48 UTC 2026
Auto commit 14 at Tue Mar 31 07:08:48 UTC 2026
Auto commit 15 at Tue Mar 31 07:08:48 UTC 2026
Auto commit 16 at Tue Mar 31 07:08:48 UTC 2026
Auto commit 17 at Tue Mar 31 07:08:48 UTC 2026
Auto commit 18 at Tue Mar 31 07:08:48 UTC 2026
Auto commit 19 at Tue Mar 31 07:08:48 UTC 2026
Auto commit 20 at Tue Mar 31 07:08:48 UTC 2026
Auto commit 21 at Tue Mar 31 07:08:48 UTC 2026
Auto commit 22 at Tue Mar 31 07:08:48 UTC 2026
Auto commit 23 at Tue Mar 31 07:08:48 UTC 2026
Auto commit 24 at Tue Mar 31 07:08:48 UTC 2026
Auto commit 25 at Tue Mar 31 07:08:48 UTC 2026
Auto commit 26 at Tue Mar 31 07:08:48 UTC 2026
Auto commit 27 at Tue Mar 31 07:08:48 UTC 2026
Auto commit 28 at Tue Mar 31 07:08:48 UTC 2026
Auto commit 29 at Tue Mar 31 07:08:48 UTC 2026
Auto commit 30 at Tue Mar 31 07:08:48 UTC 2026
Auto commit 31 at Tue Mar 31 07:08:48 UTC 2026
Auto commit 32 at Tue Mar 31 07:08:48 UTC 2026
Auto commit 33 at Tue Mar 31 07:08:48 UTC 2026
Auto commit 34 at Tue Mar 31 07:08:48 UTC 2026
Auto commit 35 at Tue Mar 31 07:08:48 UTC 2026
Auto commit 36 at Tue Mar 31 07:08:48 UTC 2026
Auto commit 37 at Tue Mar 31 07:08:48 UTC 2026
Auto commit 38 at Tue Mar 31 07:08:48 UTC 2026
Auto commit 39 at Tue Mar 31 07:08:48 UTC 2026
Auto commit 40 at Tue Mar 31 07:08:48 UTC 2026
Auto commit 41 at Tue Mar 31 07:08:48 UTC 2026
Auto commit 42 at Tue Mar 31 07:08:48 UTC 2026
Auto commit 43 at Tue Mar 31 07:08:48 UTC 2026
Auto commit 44 at Tue Mar 31 07:08:48 UTC 2026
Auto commit 45 at Tue Mar 31 07:08:48 UTC 2026
Auto commit 46 at Tue Mar 31 07:08:48 UTC 2026
Auto commit 47 at Tue Mar 31 07:08:48 UTC 2026
Auto commit 48 at Tue Mar 31 07:08:48 UTC 2026
Auto commit 49 at Tue Mar 31 07:08:48 UTC 2026
Auto commit 50 at Tue Mar 31 07:08:48 UTC 2026
Auto commit 1 at Tue Mar 31 13:11:06 UTC 2026
Auto commit 2 at Tue Mar 31 13:11:06 UTC 2026
Auto commit 3 at Tue Mar 31 13:11:06 UTC 2026
Auto commit 4 at Tue Mar 31 13:11:06 UTC 2026
Auto commit 5 at Tue Mar 31 13:11:06 UTC 2026
Auto commit 6 at Tue Mar 31 13:11:06 UTC 2026
Auto commit 7 at Tue Mar 31 13:11:06 UTC 2026
Auto commit 8 at Tue Mar 31 13:11:06 UTC 2026
Auto commit 9 at Tue Mar 31 13:11:06 UTC 2026
Auto commit 10 at Tue Mar 31 13:11:06 UTC 2026
Auto commit 11 at Tue Mar 31 13:11:06 UTC 2026
Auto commit 12 at Tue Mar 31 13:11:06 UTC 2026
Auto commit 13 at Tue Mar 31 13:11:06 UTC 2026
Auto commit 14 at Tue Mar 31 13:11:06 UTC 2026
Auto commit 15 at Tue Mar 31 13:11:06 UTC 2026
Auto commit 16 at Tue Mar 31 13:11:06 UTC 2026
Auto commit 17 at Tue Mar 31 13:11:06 UTC 2026
Auto commit 18 at Tue Mar 31 13:11:06 UTC 2026
Auto commit 19 at Tue Mar 31 13:11:06 UTC 2026
Auto commit 20 at Tue Mar 31 13:11:06 UTC 2026
Auto commit 21 at Tue Mar 31 13:11:06 UTC 2026
Auto commit 22 at Tue Mar 31 13:11:06 UTC 2026
Auto commit 23 at Tue Mar 31 13:11:06 UTC 2026
Auto commit 24 at Tue Mar 31 13:11:06 UTC 2026
Auto commit 25 at Tue Mar 31 13:11:06 UTC 2026
Auto commit 26 at Tue Mar 31 13:11:06 UTC 2026
Auto commit 27 at Tue Mar 31 13:11:06 UTC 2026
Auto commit 28 at Tue Mar 31 13:11:06 UTC 2026
Auto commit 29 at Tue Mar 31 13:11:06 UTC 2026
Auto commit 30 at Tue Mar 31 13:11:06 UTC 2026
Auto commit 31 at Tue Mar 31 13:11:06 UTC 2026
Auto commit 32 at Tue Mar 31 13:11:06 UTC 2026
Auto commit 33 at Tue Mar 31 13:11:07 UTC 2026
Auto commit 34 at Tue Mar 31 13:11:07 UTC 2026
Auto commit 35 at Tue Mar 31 13:11:07 UTC 2026
Auto commit 36 at Tue Mar 31 13:11:07 UTC 2026
Auto commit 37 at Tue Mar 31 13:11:07 UTC 2026
Auto commit 38 at Tue Mar 31 13:11:07 UTC 2026
Auto commit 39 at Tue Mar 31 13:11:07 UTC 2026
Auto commit 40 at Tue Mar 31 13:11:07 UTC 2026
Auto commit 41 at Tue Mar 31 13:11:07 UTC 2026
Auto commit 42 at Tue Mar 31 13:11:07 UTC 2026
Auto commit 43 at Tue Mar 31 13:11:07 UTC 2026
Auto commit 44 at Tue Mar 31 13:11:07 UTC 2026
Auto commit 45 at Tue Mar 31 13:11:07 UTC 2026
Auto commit 46 at Tue Mar 31 13:11:07 UTC 2026
Auto commit 47 at Tue Mar 31 13:11:07 UTC 2026
Auto commit 48 at Tue Mar 31 13:11:07 UTC 2026
Auto commit 49 at Tue Mar 31 13:11:07 UTC 2026
Auto commit 50 at Tue Mar 31 13:11:07 UTC 2026
Auto commit 1 at Tue Mar 31 18:58:16 UTC 2026
Auto commit 2 at Tue Mar 31 18:58:16 UTC 2026
Auto commit 3 at Tue Mar 31 18:58:16 UTC 2026
Auto commit 4 at Tue Mar 31 18:58:16 UTC 2026
Auto commit 5 at Tue Mar 31 18:58:16 UTC 2026
Auto commit 6 at Tue Mar 31 18:58:16 UTC 2026
Auto commit 7 at Tue Mar 31 18:58:16 UTC 2026
Auto commit 8 at Tue Mar 31 18:58:16 UTC 2026
Auto commit 9 at Tue Mar 31 18:58:16 UTC 2026
Auto commit 10 at Tue Mar 31 18:58:16 UTC 2026
Auto commit 11 at Tue Mar 31 18:58:16 UTC 2026
Auto commit 12 at Tue Mar 31 18:58:16 UTC 2026
Auto commit 13 at Tue Mar 31 18:58:16 UTC 2026
Auto commit 14 at Tue Mar 31 18:58:16 UTC 2026
Auto commit 15 at Tue Mar 31 18:58:16 UTC 2026
Auto commit 16 at Tue Mar 31 18:58:16 UTC 2026
Auto commit 17 at Tue Mar 31 18:58:16 UTC 2026
Auto commit 18 at Tue Mar 31 18:58:16 UTC 2026
Auto commit 19 at Tue Mar 31 18:58:16 UTC 2026
Auto commit 20 at Tue Mar 31 18:58:16 UTC 2026
Auto commit 21 at Tue Mar 31 18:58:16 UTC 2026
Auto commit 22 at Tue Mar 31 18:58:16 UTC 2026
Auto commit 23 at Tue Mar 31 18:58:16 UTC 2026
Auto commit 24 at Tue Mar 31 18:58:16 UTC 2026
Auto commit 25 at Tue Mar 31 18:58:16 UTC 2026
Auto commit 26 at Tue Mar 31 18:58:16 UTC 2026
Auto commit 27 at Tue Mar 31 18:58:16 UTC 2026
Auto commit 28 at Tue Mar 31 18:58:16 UTC 2026
Auto commit 29 at Tue Mar 31 18:58:16 UTC 2026
Auto commit 30 at Tue Mar 31 18:58:16 UTC 2026
Auto commit 31 at Tue Mar 31 18:58:16 UTC 2026
Auto commit 32 at Tue Mar 31 18:58:16 UTC 2026
Auto commit 33 at Tue Mar 31 18:58:16 UTC 2026
Auto commit 34 at Tue Mar 31 18:58:16 UTC 2026
Auto commit 35 at Tue Mar 31 18:58:16 UTC 2026
Auto commit 36 at Tue Mar 31 18:58:16 UTC 2026
Auto commit 37 at Tue Mar 31 18:58:16 UTC 2026
Auto commit 38 at Tue Mar 31 18:58:16 UTC 2026
Auto commit 39 at Tue Mar 31 18:58:16 UTC 2026
Auto commit 40 at Tue Mar 31 18:58:16 UTC 2026
Auto commit 41 at Tue Mar 31 18:58:16 UTC 2026
Auto commit 42 at Tue Mar 31 18:58:16 UTC 2026
Auto commit 43 at Tue Mar 31 18:58:16 UTC 2026
Auto commit 44 at Tue Mar 31 18:58:16 UTC 2026
